lishiMobile/build/outputs/logs/manifest-merger-shichang-debug-report.txt
-- Merging decision tree log ---
manifest
ADDED from AndroidManifest.xml:2:1
	package
		ADDED from AndroidManifest.xml:3:5
		INJECTED from AndroidManifest.xml:0:0
		INJECTED from AndroidManifest.xml:0:0
	android:versionName
		ADDED from AndroidManifest.xml:5:5
		INJECTED from AndroidManifest.xml:0:0
		INJECTED from AndroidManifest.xml:0:0
	android:versionCode
		ADDED from AndroidManifest.xml:4:5
		INJECTED from AndroidManifest.xml:0:0
		INJECTED from AndroidManifest.xml:0:0
	xmlns:android
		ADDED from AndroidManifest.xml:2:11
uses-sdk
ADDED from AndroidManifest.xml:7:5
MERGED from lishi_android_studio:weiboSDK:unspecified:7:5
MERGED from lishi_android_studio:mUList:unspecified:7:5
MERGED from lishi_android_studio:androidSDKComponent:unspecified:7:5
MERGED from lishi_android_studio:androidSDK:unspecified:7:5
	android:targetSdkVersion
		ADDED from AndroidManifest.xml:9:9
		INJECTED from AndroidManifest.xml:0:0
		INJECTED from AndroidManifest.xml:0:0
	android:minSdkVersion
		ADDED from AndroidManifest.xml:8:9
		INJECTED from AndroidManifest.xml:0:0
		INJECTED from AndroidManifest.xml:0:0
uses-permission#android.permission.BAIDU_LOCATION_SERVICE
ADDED from AndroidManifest.xml:11:5
	android:name
		ADDED from AndroidManifest.xml:11:22
uses-permission#android.permission.ACCESS_NETWORK_STATE
ADDED from AndroidManifest.xml:13:5
	android:name
		ADDED from AndroidManifest.xml:13:22
uses-permission#android.permission.ACCESS_COARSE_LOCATION
ADDED from AndroidManifest.xml:15:5
	android:name
		ADDED from AndroidManifest.xml:15:22
uses-permission#android.permission.INTERNET
ADDED from AndroidManifest.xml:17:5
	android:name
		ADDED from AndroidManifest.xml:17:22
uses-permission#android.permission.ACCESS_MOCK_LOCATION
ADDED from AndroidManifest.xml:19:5
	android:name
		ADDED from AndroidManifest.xml:19:22
uses-permission#android.permission.ACCESS_FINE_LOCATION
ADDED from AndroidManifest.xml:22:5
	android:name
		ADDED from AndroidManifest.xml:22:22
uses-permission#com.android.launcher.permission.READ_SETTINGS
ADDED from AndroidManifest.xml:24:5
	android:name
		ADDED from AndroidManifest.xml:24:22
uses-permission#android.permission.WAKE_LOCK
ADDED from AndroidManifest.xml:25:5
	android:name
		ADDED from AndroidManifest.xml:25:22
uses-permission#android.permission.CHANGE_WIFI_STATE
ADDED from AndroidManifest.xml:27:5
	android:name
		ADDED from AndroidManifest.xml:27:22
uses-permission#android.permission.ACCESS_WIFI_STATE
ADDED from AndroidManifest.xml:28:5
	android:name
		ADDED from AndroidManifest.xml:28:22
uses-permission#android.permission.ACCESS_GPS
ADDED from AndroidManifest.xml:29:5
	android:name
		ADDED from AndroidManifest.xml:29:22
uses-permission#android.permission.READ_PHONE_STATE
ADDED from AndroidManifest.xml:30:5
	android:name
		ADDED from AndroidManifest.xml:30:22
uses-permission#android.permission.CALL_PHONE
ADDED from AndroidManifest.xml:31:5
	android:name
		ADDED from AndroidManifest.xml:31:22
uses-permission#android.permission.GET_TASKS
ADDED from AndroidManifest.xml:33:5
	android:name
		ADDED from AndroidManifest.xml:33:22
uses-permission#android.permission.CAMERA
ADDED from AndroidManifest.xml:34:5
	android:name
		ADDED from AndroidManifest.xml:34:22
uses-permission#android.permission.WRITE_EXTERNAL_STORAGE
ADDED from AndroidManifest.xml:36:5
	android:name
		ADDED from AndroidManifest.xml:36:22
uses-permission#android.permission.RECEIVE_BOOT_COMPLETED
ADDED from AndroidManifest.xml:38:5
	android:name
		ADDED from AndroidManifest.xml:38:22
uses-permission#android.permission.BROADCAST_STICKY
ADDED from AndroidManifest.xml:39:5
	android:name
		ADDED from AndroidManifest.xml:39:22
uses-permission#android.permission.WRITE_SETTINGS
ADDED from AndroidManifest.xml:40:5
	android:name
		ADDED from AndroidManifest.xml:40:22
uses-permission#android.permission.PROCESS_OUTGOING_CALLS
ADDED from AndroidManifest.xml:42:5
	android:name
		ADDED from AndroidManifest.xml:42:22
uses-permission#android.permission.MODIFY_AUDIO_SETTINGS
ADDED from AndroidManifest.xml:44:5
	android:name
		ADDED from AndroidManifest.xml:44:22
uses-permission#android.permission.VIBRATE
ADDED from AndroidManifest.xml:45:5
	android:name
		ADDED from AndroidManifest.xml:45:22
uses-permission#android.permission.MOUNT_UNMOUNT_FILESYSTEMS
ADDED from AndroidManifest.xml:46:5
	android:name
		ADDED from AndroidManifest.xml:46:22
uses-permission#android.permission.GET_PACKAGE_SIZE
ADDED from AndroidManifest.xml:47:5
	android:name
		ADDED from AndroidManifest.xml:47:22
uses-permission#android.permission.SEND_SMS
ADDED from AndroidManifest.xml:50:5
	android:name
		ADDED from AndroidManifest.xml:50:22
uses-permission#android.permission.RECEIVE_SMS
ADDED from AndroidManifest.xml:51:5
	android:name
		ADDED from AndroidManifest.xml:51:22
uses-permission#android.permission.READ_SMS
ADDED from AndroidManifest.xml:52:5
	android:name
		ADDED from AndroidManifest.xml:52:22
uses-permission#android.permission.CHANGE_NETWORK_STATE
ADDED from AndroidManifest.xml:60:5
	android:name
		ADDED from AndroidManifest.xml:60:22
uses-permission#android.permission.BROADCAST_PACKAGE_ADDED
ADDED from AndroidManifest.xml:66:5
	android:name
		ADDED from AndroidManifest.xml:66:22
uses-permission#android.permission.BROADCAST_PACKAGE_CHANGED
ADDED from AndroidManifest.xml:67:5
	android:name
		ADDED from AndroidManifest.xml:67:22
uses-permission#android.permission.BROADCAST_PACKAGE_INSTALL
ADDED from AndroidManifest.xml:68:5
	android:name
		ADDED from AndroidManifest.xml:68:22
uses-permission#android.permission.BROADCAST_PACKAGE_REPLACED
ADDED from AndroidManifest.xml:69:5
	android:name
		ADDED from AndroidManifest.xml:69:22
uses-permission#android.permission.RESTART_PACKAGES
ADDED from AndroidManifest.xml:70:5
	android:name
		ADDED from AndroidManifest.xml:70:22
uses-permission#android.permission.GET_ACCOUNTS
ADDED from AndroidManifest.xml:71:5
	android:name
		ADDED from AndroidManifest.xml:71:22
uses-feature#android.hardware.sensor.accelerometer
ADDED from AndroidManifest.xml:82:5
	android:name
		ADDED from AndroidManifest.xml:82:19
supports-screens
ADDED from AndroidManifest.xml:84:5
	android:largeScreens
		ADDED from AndroidManifest.xml:86:9
	android:smallScreens
		ADDED from AndroidManifest.xml:88:9
	android:normalScreens
		ADDED from AndroidManifest.xml:87:9
	android:xlargeScreens
		ADDED from AndroidManifest.xml:89:9
	android:anyDensity
		ADDED from AndroidManifest.xml:85:9
meta-data#com.baidu.lbsapi.API_KEY
ADDED from AndroidManifest.xml:92:5
	android:value
		ADDED from AndroidManifest.xml:94:9
	android:name
		ADDED from AndroidManifest.xml:93:9
uses-permission#android.permission.READ_EXTERNAL_STORAGE
ADDED from AndroidManifest.xml:97:5
	android:name
		ADDED from AndroidManifest.xml:97:22
application
ADDED from AndroidManifest.xml:99:5
	android:label
		ADDED from AndroidManifest.xml:103:9
	android:allowBackup
		ADDED from AndroidManifest.xml:101:9
	android:icon
		ADDED from AndroidManifest.xml:102:9
	android:theme
		ADDED from AndroidManifest.xml:104:9
	android:name
		ADDED from AndroidManifest.xml:100:9
service#com.baidu.location.f
ADDED from AndroidManifest.xml:105:9
	android:enabled
		ADDED from AndroidManifest.xml:107:13
	android:process
		ADDED from AndroidManifest.xml:108:13
	android:name
		ADDED from AndroidManifest.xml:106:13
meta-data#UMENG_APPKEY
ADDED from AndroidManifest.xml:128:9
	android:value
		ADDED from AndroidManifest.xml:130:13
	android:name
		ADDED from AndroidManifest.xml:129:13
meta-data#UMENG_MESSAGE_SECRET
ADDED from AndroidManifest.xml:132:9
	android:value
		ADDED from AndroidManifest.xml:134:13
	android:name
		ADDED from AndroidManifest.xml:133:13
meta-data#UMENG_CHANNEL
ADDED from AndroidManifest.xml:136:9
	android:value
		ADDED from AndroidManifest.xml:138:13
		INJECTED from AndroidManifest.xml:0:0
	android:name
		ADDED from AndroidManifest.xml:137:13
activity#com.lis99.mobile.entry.LsStartupActivity
ADDED from AndroidManifest.xml:140:9
	android:screenOrientation
		ADDED from AndroidManifest.xml:143:13
	android:label
		ADDED from AndroidManifest.xml:142:13
	android:theme
		ADDED from AndroidManifest.xml:144:13
	android:name
		ADDED from AndroidManifest.xml:141:13
intent-filter#android.intent.action.MAIN+android.intent.category.LAUNCHER
ADDED from AndroidManifest.xml:145:13
action#android.intent.action.MAIN
ADDED from AndroidManifest.xml:146:17
	android:name
		ADDED from AndroidManifest.xml:146:25
category#android.intent.category.LAUNCHER
ADDED from AndroidManifest.xml:148:17
	android:name
		ADDED from AndroidManifest.xml:148:27
activity#com.lis99.mobile.entry.MainActivity
ADDED from AndroidManifest.xml:151:9
	android:screenOrientation
		ADDED from AndroidManifest.xml:153:13
	android:theme
		ADDED from AndroidManifest.xml:154:13
	android:name
		ADDED from AndroidManifest.xml:152:13
service#com.lis99.mobile.service.LocService
ADDED from AndroidManifest.xml:157:9
	android:name
		ADDED from AndroidManifest.xml:157:18
intent-filter#android.intent.category.DEFAULT+com.lis99.mobile.service.LocService
ADDED from AndroidManifest.xml:158:13
action#com.lis99.mobile.service.LocService
ADDED from AndroidManifest.xml:159:17
	android:name
		ADDED from AndroidManifest.xml:159:25
category#android.intent.category.DEFAULT
ADDED from AndroidManifest.xml:161:17
	android:name
		ADDED from AndroidManifest.xml:161:27
activity#com.lis99.mobile.wxapi.WXEntryActivity
ADDED from AndroidManifest.xml:165:9
	android:label
		ADDED from AndroidManifest.xml:168:13
	android:launchMode
		ADDED from AndroidManifest.xml:169:13
	android:exported
		ADDED from AndroidManifest.xml:167:13
	android:theme
		ADDED from AndroidManifest.xml:170:13
	android:name
		ADDED from AndroidManifest.xml:166:13
activity#com.lis99.mobile.entry.LsActivityInfo
ADDED from AndroidManifest.xml:172:9
	android:screenOrientation
		ADDED from AndroidManifest.xml:174:13
	android:theme
		ADDED from AndroidManifest.xml:175:13
	android:name
		ADDED from AndroidManifest.xml:173:13
activity#com.lis99.mobile.entry.LsActivityLoadUp1
ADDED from AndroidManifest.xml:177:9
	android:screenOrientation
		ADDED from AndroidManifest.xml:179:13
	android:theme
		ADDED from AndroidManifest.xml:180:13
	android:name
		ADDED from AndroidManifest.xml:178:13
activity#com.lis99.mobile.LocActivity
ADDED from AndroidManifest.xml:182:9
	android:screenOrientation
		ADDED from AndroidManifest.xml:184:13
	android:theme
		ADDED from AndroidManifest.xml:185:13
	android:name
		ADDED from AndroidManifest.xml:183:13
activity#com.lis99.mobile.entry.mypic.ShowImageActivity
ADDED from AndroidManifest.xml:187:9
	android:screenOrientation
		ADDED from AndroidManifest.xml:189:13
	android:theme
		ADDED from AndroidManifest.xml:190:13
	android:name
		ADDED from AndroidManifest.xml:188:13
activity#com.lis99.mobile.entry.LsActivityPlan
ADDED from AndroidManifest.xml:192:9
	android:screenOrientation
		ADDED from AndroidManifest.xml:194:13
	android:theme
		ADDED from AndroidManifest.xml:195:13
	android:name
		ADDED from AndroidManifest.xml:193:13
activity#com.lis99.mobile.entry.LsActivityElect
ADDED from AndroidManifest.xml:197:9
	android:screenOrientation
		ADDED from AndroidManifest.xml:199:13
	android:theme
		ADDED from AndroidManifest.xml:200:13
	android:name
		ADDED from AndroidManifest.xml:198:13
activity#com.lis99.mobile.entry.LsActivityComment
ADDED from AndroidManifest.xml:202:9
	android:screenOrientation
		ADDED from AndroidManifest.xml:204:13
	android:theme
		ADDED from AndroidManifest.xml:205:13
	android:name
		ADDED from AndroidManifest.xml:203:13
activity#com.lis99.mobile.entry.LsUserOrderActivity
ADDED from AndroidManifest.xml:207:9
	android:screenOrientation
		ADDED from AndroidManifest.xml:209:13
	android:theme
		ADDED from AndroidManifest.xml:210:13
	android:name
		ADDED from AndroidManifest.xml:208:13
activity#com.lis99.mobile.entry.LsActivityLines
ADDED from AndroidManifest.xml:212:9
	android:screenOrientation
		ADDED from AndroidManifest.xml:214:13
	android:theme
		ADDED from AndroidManifest.xml:215:13
	android:name
		ADDED from AndroidManifest.xml:213:13
activity#com.lis99.mobile.entry.LsActivityItem
ADDED from AndroidManifest.xml:217:9
	android:screenOrientation
		ADDED from AndroidManifest.xml:219:13
	android:theme
		ADDED from AndroidManifest.xml:220:13
	android:name
		ADDED from AndroidManifest.xml:218:13
activity#com.lis99.mobile.entry.LsActivityResult
ADDED from AndroidManifest.xml:222:9
	android:screenOrientation
		ADDED from AndroidManifest.xml:224:13
	android:theme
		ADDED from AndroidManifest.xml:225:13
	android:name
		ADDED from AndroidManifest.xml:223:13
activity#com.lis99.mobile.entry.LsActivityRules
ADDED from AndroidManifest.xml:227:9
	android:screenOrientation
		ADDED from AndroidManifest.xml:229:13
	android:theme
		ADDED from AndroidManifest.xml:230:13
	android:name
		ADDED from AndroidManifest.xml:228:13
activity#com.lis99.mobile.LsBuyActivity
ADDED from AndroidManifest.xml:239:9
	android:screenOrientation
		ADDED from AndroidManifest.xml:241:13
	android:theme
		ADDED from AndroidManifest.xml:242:13
	android:name
		ADDED from AndroidManifest.xml:240:13
activity#com.lis99.mobile.entry.camera.CropImage
ADDED from AndroidManifest.xml:244:9
	android:screenOrientation
		ADDED from AndroidManifest.xml:246:13
	android:theme
		ADDED from AndroidManifest.xml:247:13
	android:name
		ADDED from AndroidManifest.xml:245:13
activity#com.lis99.mobile.entry.CopyOfLsShaiActivity
ADDED from AndroidManifest.xml:249:9
	android:screenOrientation
		ADDED from AndroidManifest.xml:251:13
	android:theme
		ADDED from AndroidManifest.xml:252:13
	android:name
		ADDED from AndroidManifest.xml:250:13
activity#com.lis99.mobile.entry.LsDarenHuidaActivity
ADDED from AndroidManifest.xml:254:9
	android:screenOrientation
		ADDED from AndroidManifest.xml:256:13
	android:theme
		ADDED from AndroidManifest.xml:257:13
	android:name
		ADDED from AndroidManifest.xml:255:13
activity#com.lis99.mobile.ShopDetailActivity
ADDED from AndroidManifest.xml:259:9
	android:screenOrientation
		ADDED from AndroidManifest.xml:261:13
	android:theme
		ADDED from AndroidManifest.xml:262:13
	android:name
		ADDED from AndroidManifest.xml:260:13
activity#com.lis99.mobile.PJActivity
ADDED from AndroidManifest.xml:264:9
	android:screenOrientation
		ADDED from AndroidManifest.xml:266:13
	android:theme
		ADDED from AndroidManifest.xml:267:13
	android:name
		ADDED from AndroidManifest.xml:265:13
activity#com.lis99.mobile.entry.LsDarenDetailActivity
ADDED from AndroidManifest.xml:269:9
	android:screenOrientation
		ADDED from AndroidManifest.xml:271:13
	android:windowSoftInputMode
		ADDED from AndroidManifest.xml:273:13
	android:theme
		ADDED from AndroidManifest.xml:272:13
	android:name
		ADDED from AndroidManifest.xml:270:13
activity#com.lis99.mobile.entry.LsXuanActivity
ADDED from AndroidManifest.xml:275:9
	android:screenOrientation
		ADDED from AndroidManifest.xml:277:13
	android:theme
		ADDED from AndroidManifest.xml:278:13
	android:name
		ADDED from AndroidManifest.xml:276:13
activity#com.lis99.mobile.entry.LsUserLikeActivity
ADDED from AndroidManifest.xml:280:9
	android:screenOrientation
		ADDED from AndroidManifest.xml:282:13
	android:theme
		ADDED from AndroidManifest.xml:283:13
	android:name
		ADDED from AndroidManifest.xml:281:13
activity#com.lis99.mobile.entry.LsUserShaiActivity
ADDED from AndroidManifest.xml:285:9
	android:screenOrientation
		ADDED from AndroidManifest.xml:287:13
	android:theme
		ADDED from AndroidManifest.xml:288:13
	android:name
		ADDED from AndroidManifest.xml:286:13
activity#com.lis99.mobile.entry.LsUserAskActivity
ADDED from AndroidManifest.xml:290:9
	android:screenOrientation
		ADDED from AndroidManifest.xml:292:13
	android:theme
		ADDED from AndroidManifest.xml:293:13
	android:name
		ADDED from AndroidManifest.xml:291:13
activity#com.lis99.mobile.entry.LsShakesActivity
ADDED from AndroidManifest.xml:295:9
	android:screenOrientation
		ADDED from AndroidManifest.xml:299:13
	android:exported
		ADDED from AndroidManifest.xml:298:13
	android:configChanges
		ADDED from AndroidManifest.xml:297:13
	android:theme
		ADDED from AndroidManifest.xml:300:13
	android:name
		ADDED from AndroidManifest.xml:296:13
intent-filter#android.intent.category.DEFAULT+com.sina.weibo.sdk.action.ACTION_SDK_REQ_ACTIVITY
ADDED from AndroidManifest.xml:301:13
action#com.sina.weibo.sdk.action.ACTION_SDK_REQ_ACTIVITY
ADDED from AndroidManifest.xml:302:17
	android:name
		ADDED from AndroidManifest.xml:302:25
activity#com.lis99.mobile.entry.lsWeiboWeixin
ADDED from AndroidManifest.xml:307:9
	android:screenOrientation
		ADDED from AndroidManifest.xml:310:13
	android:exported
		ADDED from AndroidManifest.xml:309:13
	android:theme
		ADDED from AndroidManifest.xml:311:13
	android:name
		ADDED from AndroidManifest.xml:308:13
activity#com.lis99.mobile.entry.LsUserAnswerActivity
ADDED from AndroidManifest.xml:313:9
	android:screenOrientation
		ADDED from AndroidManifest.xml:315:13
	android:theme
		ADDED from AndroidManifest.xml:316:13
	android:name
		ADDED from AndroidManifest.xml:314:13
activity#com.lis99.mobile.entry.LsSettingCheckActivity
ADDED from AndroidManifest.xml:318:9
	android:screenOrientation
		ADDED from AndroidManifest.xml:320:13
	android:theme
		ADDED from AndroidManifest.xml:321:13
	android:name
		ADDED from AndroidManifest.xml:319:13
activity#com.lis99.mobile.entry.LsSettingFeedbackActivity
ADDED from AndroidManifest.xml:323:9
	android:screenOrientation
		ADDED from AndroidManifest.xml:325:13
	android:windowSoftInputMode
		ADDED from AndroidManifest.xml:327:13
	android:theme
		ADDED from AndroidManifest.xml:326:13
	android:name
		ADDED from AndroidManifest.xml:324:13
activity#com.lis99.mobile.entry.LsSettingInfoActivity
ADDED from AndroidManifest.xml:329:9
	android:screenOrientation
		ADDED from AndroidManifest.xml:331:13
	android:theme
		ADDED from AndroidManifest.xml:332:13
	android:name
		ADDED from AndroidManifest.xml:330:13
activity#com.lis99.mobile.entry.LsSettingPushActivity
ADDED from AndroidManifest.xml:334:9
	android:screenOrientation
		ADDED from AndroidManifest.xml:336:13
	android:theme
		ADDED from AndroidManifest.xml:337:13
	android:name
		ADDED from AndroidManifest.xml:335:13
activity#com.lis99.mobile.entry.LsSettingRecommendActivity
ADDED from AndroidManifest.xml:339:9
	android:screenOrientation
		ADDED from AndroidManifest.xml:341:13
	android:theme
		ADDED from AndroidManifest.xml:342:13
	android:name
		ADDED from AndroidManifest.xml:340:13
activity#com.lis99.mobile.entry.LsSettingShareActivity
ADDED from AndroidManifest.xml:344:9
	android:screenOrientation
		ADDED from AndroidManifest.xml:346:13
	android:theme
		ADDED from AndroidManifest.xml:347:13
	android:name
		ADDED from AndroidManifest.xml:345:13
activity#com.lis99.mobile.entry.LsUserAttentionActivity
ADDED from AndroidManifest.xml:349:9
	android:screenOrientation
		ADDED from AndroidManifest.xml:351:13
	android:theme
		ADDED from AndroidManifest.xml:352:13
	android:name
		ADDED from AndroidManifest.xml:350:13
activity#com.lis99.mobile.entry.LsUserMsgActivity
ADDED from AndroidManifest.xml:354:9
	android:screenOrientation
		ADDED from AndroidManifest.xml:356:13
	android:theme
		ADDED from AndroidManifest.xml:357:13
	android:name
		ADDED from AndroidManifest.xml:355:13
activity#com.lis99.mobile.entry.LsUserDraftActivity
ADDED from AndroidManifest.xml:359:9
	android:screenOrientation
		ADDED from AndroidManifest.xml:361:13
	android:theme
		ADDED from AndroidManifest.xml:362:13
	android:name
		ADDED from AndroidManifest.xml:360:13
activity#com.lis99.mobile.entry.LsSettingActivity
ADDED from AndroidManifest.xml:364:9
	android:screenOrientation
		ADDED from AndroidManifest.xml:366:13
	android:theme
		ADDED from AndroidManifest.xml:367:13
	android:name
		ADDED from AndroidManifest.xml:365:13
activity#com.lis99.mobile.entry.LsDarenTiwenActivity
ADDED from AndroidManifest.xml:369:9
	android:screenOrientation
		ADDED from AndroidManifest.xml:371:13
	android:windowSoftInputMode
		ADDED from AndroidManifest.xml:373:13
	android:theme
		ADDED from AndroidManifest.xml:372:13
	android:name
		ADDED from AndroidManifest.xml:370:13
activity#com.lis99.mobile.entry.LsXuanActivity1
ADDED from AndroidManifest.xml:375:9
	android:screenOrientation
		ADDED from AndroidManifest.xml:377:13
	android:theme
		ADDED from AndroidManifest.xml:378:13
	android:name
		ADDED from AndroidManifest.xml:376:13
activity#com.lis99.mobile.entry.LsShaiCommentActivity
ADDED from AndroidManifest.xml:380:9
	android:screenOrientation
		ADDED from AndroidManifest.xml:382:13
	android:windowSoftInputMode
		ADDED from AndroidManifest.xml:384:13
	android:theme
		ADDED from AndroidManifest.xml:383:13
	android:name
		ADDED from AndroidManifest.xml:381:13
activity#com.lis99.mobile.entry.LsAskDetailActivity
ADDED from AndroidManifest.xml:386:9
	android:screenOrientation
		ADDED from AndroidManifest.xml:388:13
	android:windowSoftInputMode
		ADDED from AndroidManifest.xml:390:13
	android:theme
		ADDED from AndroidManifest.xml:389:13
	android:name
		ADDED from AndroidManifest.xml:387:13
activity#com.lis99.mobile.entry.LsAnswerDetailActivity
ADDED from AndroidManifest.xml:392:9
	android:screenOrientation
		ADDED from AndroidManifest.xml:394:13
	android:windowSoftInputMode
		ADDED from AndroidManifest.xml:396:13
	android:theme
		ADDED from AndroidManifest.xml:395:13
	android:name
		ADDED from AndroidManifest.xml:393:13
activity#com.lis99.mobile.entry.LsShaiDetailActivity
ADDED from AndroidManifest.xml:398:9
	android:screenOrientation
		ADDED from AndroidManifest.xml:400:13
	android:windowSoftInputMode
		ADDED from AndroidManifest.xml:402:13
	android:theme
		ADDED from AndroidManifest.xml:401:13
	android:name
		ADDED from AndroidManifest.xml:399:13
activity#com.lis99.mobile.entry.LsWendaCommentActivity
ADDED from AndroidManifest.xml:404:9
	android:screenOrientation
		ADDED from AndroidManifest.xml:406:13
	android:windowSoftInputMode
		ADDED from AndroidManifest.xml:408:13
	android:theme
		ADDED from AndroidManifest.xml:407:13
	android:name
		ADDED from AndroidManifest.xml:405:13
activity#com.lis99.mobile.entry.LsDarenActivity
ADDED from AndroidManifest.xml:410:9
	android:screenOrientation
		ADDED from AndroidManifest.xml:412:13
	android:theme
		ADDED from AndroidManifest.xml:413:13
	android:name
		ADDED from AndroidManifest.xml:411:13
activity#com.lis99.mobile.entry.LsShaiActivity
ADDED from AndroidManifest.xml:415:9
	android:screenOrientation
		ADDED from AndroidManifest.xml:417:13
	android:theme
		ADDED from AndroidManifest.xml:418:13
	android:name
		ADDED from AndroidManifest.xml:416:13
activity#com.lis99.mobile.entry.LsShaiUploadActivity
ADDED from AndroidManifest.xml:420:9
	android:screenOrientation
		ADDED from AndroidManifest.xml:422:13
	android:windowSoftInputMode
		ADDED from AndroidManifest.xml:424:13
	android:theme
		ADDED from AndroidManifest.xml:423:13
	android:name
		ADDED from AndroidManifest.xml:421:13
activity#com.lis99.mobile.entry.LsTiwenActivity
ADDED from AndroidManifest.xml:426:9
	android:screenOrientation
		ADDED from AndroidManifest.xml:428:13
	android:windowSoftInputMode
		ADDED from AndroidManifest.xml:430:13
	android:theme
		ADDED from AndroidManifest.xml:429:13
	android:name
		ADDED from AndroidManifest.xml:427:13
activity#com.lis99.mobile.entry.LsWenActivity
ADDED from AndroidManifest.xml:432:9
	android:screenOrientation
		ADDED from AndroidManifest.xml:434:13
	android:theme
		ADDED from AndroidManifest.xml:435:13
	android:name
		ADDED from AndroidManifest.xml:433:13
activity#com.lis99.mobile.entry.LsControllShake
ADDED from AndroidManifest.xml:437:9
	android:screenOrientation
		ADDED from AndroidManifest.xml:439:13
	android:theme
		ADDED from AndroidManifest.xml:440:13
	android:name
		ADDED from AndroidManifest.xml:438:13
activity#com.lis99.mobile.entry.LsCateListActivity
ADDED from AndroidManifest.xml:442:9
	android:screenOrientation
		ADDED from AndroidManifest.xml:444:13
	android:theme
		ADDED from AndroidManifest.xml:445:13
	android:name
		ADDED from AndroidManifest.xml:443:13
activity#com.lis99.mobile.entry.LsZhuangbeiDetail
ADDED from AndroidManifest.xml:447:9
	android:screenOrientation
		ADDED from AndroidManifest.xml:451:13
	android:exported
		ADDED from AndroidManifest.xml:450:13
	android:configChanges
		ADDED from AndroidManifest.xml:449:13
	android:theme
		ADDED from AndroidManifest.xml:452:13
	android:name
		ADDED from AndroidManifest.xml:448:13
activity#com.lis99.mobile.entry.LsWenCateActivity
ADDED from AndroidManifest.xml:459:9
	android:screenOrientation
		ADDED from AndroidManifest.xml:461:13
	android:theme
		ADDED from AndroidManifest.xml:462:13
	android:name
		ADDED from AndroidManifest.xml:460:13
activity#com.lis99.mobile.entry.ZhuangbeiCommentActivity
ADDED from AndroidManifest.xml:464:9
	android:screenOrientation
		ADDED from AndroidManifest.xml:466:13
	android:windowSoftInputMode
		ADDED from AndroidManifest.xml:468:13
	android:theme
		ADDED from AndroidManifest.xml:467:13
	android:name
		ADDED from AndroidManifest.xml:465:13
activity#com.lis99.mobile.entry.LsZhuanjiDetail
ADDED from AndroidManifest.xml:470:9
	android:screenOrientation
		ADDED from AndroidManifest.xml:473:13
	android:configChanges
		ADDED from AndroidManifest.xml:472:13
	android:theme
		ADDED from AndroidManifest.xml:474:13
	android:name
		ADDED from AndroidManifest.xml:471:13
activity#com.lis99.mobile.entry.LsLoginActivity
ADDED from AndroidManifest.xml:481:9
	android:screenOrientation
		ADDED from AndroidManifest.xml:483:13
	android:windowSoftInputMode
		ADDED from AndroidManifest.xml:485:13
	android:theme
		ADDED from AndroidManifest.xml:484:13
	android:name
		ADDED from AndroidManifest.xml:482:13
activity#com.lis99.mobile.entry.LsRegistActivity
ADDED from AndroidManifest.xml:487:9
	android:screenOrientation
		ADDED from AndroidManifest.xml:489:13
	android:windowSoftInputMode
		ADDED from AndroidManifest.xml:491:13
	android:theme
		ADDED from AndroidManifest.xml:490:13
	android:name
		ADDED from AndroidManifest.xml:488:13
activity#com.lis99.mobile.entry.LsImproveInfoActivity
ADDED from AndroidManifest.xml:493:9
	android:screenOrientation
		ADDED from AndroidManifest.xml:495:13
	android:windowSoftInputMode
		ADDED from AndroidManifest.xml:497:13
	android:theme
		ADDED from AndroidManifest.xml:496:13
	android:name
		ADDED from AndroidManifest.xml:494:13
activity#com.tencent.connect.common.AssistActivity
ADDED from AndroidManifest.xml:499:9
	android:screenOrientation
		ADDED from AndroidManifest.xml:501:13
	android:theme
		ADDED from AndroidManifest.xml:502:13
	android:name
		ADDED from AndroidManifest.xml:500:13
activity#com.tencent.tauth.AuthActivity
ADDED from AndroidManifest.xml:503:9
	android:launchMode
		ADDED from AndroidManifest.xml:505:13
	android:noHistory
		ADDED from AndroidManifest.xml:506:13
	android:name
		ADDED from AndroidManifest.xml:504:13
intent-filter#android.intent.action.VIEW+android.intent.category.BROWSABLE+android.intent.category.DEFAULT
ADDED from AndroidManifest.xml:507:13
action#android.intent.action.VIEW
ADDED from AndroidManifest.xml:508:17
	android:name
		ADDED from AndroidManifest.xml:508:25
category#android.intent.category.BROWSABLE
ADDED from AndroidManifest.xml:511:17
	android:name
		ADDED from AndroidManifest.xml:511:27
data
ADDED from AndroidManifest.xml:513:17
	android:scheme
		ADDED from AndroidManifest.xml:513:23
activity#com.sina.weibo.sdk.demo.WBAuthActivity
ADDED from AndroidManifest.xml:517:9
	android:name
		ADDED from AndroidManifest.xml:517:19
activity#com.sina.weibo.sdk.demo.WBAuthCodeActivity
ADDED from AndroidManifest.xml:518:9
	android:name
		ADDED from AndroidManifest.xml:518:19
activity#com.sina.weibo.sdk.demo.WBShareMainActivity
ADDED from AndroidManifest.xml:519:9
	android:name
		ADDED from AndroidManifest.xml:519:19
activity#com.sina.weibo.sdk.demo.WBShareResponseActivity
ADDED from AndroidManifest.xml:522:9
	android:name
		ADDED from AndroidManifest.xml:522:19
intent-filter#android.intent.category.DEFAULT+com.sina.weibo.sdk.action.ACTION_SDK_RESP_ACTIVITY
ADDED from AndroidManifest.xml:523:13
action#com.sina.weibo.sdk.action.ACTION_SDK_RESP_ACTIVITY
ADDED from AndroidManifest.xml:524:17
	android:name
		ADDED from AndroidManifest.xml:524:25
activity#com.sina.weibo.sdk.demo.WBLoginLogoutActivity
ADDED from AndroidManifest.xml:531:9
	android:name
		ADDED from AndroidManifest.xml:531:19
activity#com.sina.weibo.sdk.demo.openapi.WBOpenAPIActivity
ADDED from AndroidManifest.xml:534:9
	android:name
		ADDED from AndroidManifest.xml:534:19
activity#com.sina.weibo.sdk.demo.openapi.WBInviteAPIActivity
ADDED from AndroidManifest.xml:535:9
	android:name
		ADDED from AndroidManifest.xml:535:19
activity#com.sina.weibo.sdk.demo.openapi.WBLogoutAPIActivity
ADDED from AndroidManifest.xml:536:9
	android:name
		ADDED from AndroidManifest.xml:536:19
activity#com.sina.weibo.sdk.demo.WBCallActivityV3
ADDED from AndroidManifest.xml:539:9
	android:name
		ADDED from AndroidManifest.xml:539:19
activity#com.sina.weibo.sdk.demo.WBUserStateActivity
ADDED from AndroidManifest.xml:540:9
	android:name
		ADDED from AndroidManifest.xml:540:19
activity#com.tencent.weibo.sdk.android.component.PublishActivity
ADDED from AndroidManifest.xml:541:9
	android:windowSoftInputMode
		ADDED from AndroidManifest.xml:543:13
	android:name
		ADDED from AndroidManifest.xml:542:13
activity#com.tencent.weibo.sdk.android.component.GeneralInterfaceActivity
ADDED from AndroidManifest.xml:545:9
	android:windowSoftInputMode
		ADDED from AndroidManifest.xml:547:13
	android:name
		ADDED from AndroidManifest.xml:546:13
activity#com.tencent.weibo.sdk.android.component.ConversationActivity
ADDED from AndroidManifest.xml:549:9
	android:windowSoftInputMode
		ADDED from AndroidManifest.xml:551:13
	android:name
		ADDED from AndroidManifest.xml:550:13
activity#com.tencent.weibo.sdk.android.component.FriendActivity
ADDED from AndroidManifest.xml:553:9
	android:windowSoftInputMode
		ADDED from AndroidManifest.xml:555:13
	android:name
		ADDED from AndroidManifest.xml:554:13